<?xml version="1.0" encoding="UTF-8"?>
<!-- Generated by org.testng.reporters.JUnitXMLReporter -->
<testsuite hostname="sagars-MBP" ignored="3" name="Test" tests="2" failures="0" timestamp="06 Apr 2020 05:22:02 GMT" time="4.29" errors="0">
  <testcase name="verifyAllCountriesforWhichCapitalDataIsMissingInTable" time="2.821" classname="myassessment.DB.TC01_verifyDataIsMissingInTableAndAPI"/>
  <testcase name="verifyAllCountriesOfWhichDataBetweenTableAndAPMismatch" time="1.453" classname="myassessment.DB.TC02_verifyAllCountriesOfWhichDataBetweenTableAndAPMismatch$TC01_verifyAllCountriesOfWhichDataBetweenTableAndAPMismatch"/>
  <testcase name="@BeforeSuite startTest" time="0.0" classname="myassessment.DB.testBase">
    <ignored/>
  </testcase> <!-- @BeforeSuite startTest -->
  <testcase name="@BeforeSuite startTest" time="0.0" classname="myassessment.DB.testBase">
    <ignored/>
  </testcase> <!-- @BeforeSuite startTest -->
  <testcase name="verifyverifyCountriesBorderingWithAreSameOrNotBetweenAPIAndDB" time="0.0" classname="myassessment.DB.TC03_verifyCountriesBorderingWithAreSameOrNotBetweenAPIAndDB$TC01_verifyCapitalDataIsMissingInTable">
    <ignored/>
  </testcase> <!-- verifyverifyCountriesBorderingWithAreSameOrNotBetweenAPIAndDB -->
</testsuite> <!-- Test -->
